[05:28:26] ======================================================================
[05:28:26] LUMEN ALPHA - ML Signal Generator
[05:28:26] ======================================================================
[05:28:26] 
📊 ADA (36606 candles)
[05:28:26]    Training on 18795 samples...
[05:29:43]    ❌ Sharpe=0.42, WinRate=51.0%, Return=2.97%, MaxDD=1.46%
[05:29:43] 
📊 ATOM (36606 candles)
[05:29:43]    Training on 19267 samples...
[05:30:31]    ❌ Sharpe=0.03, WinRate=49.5%, Return=0.16%, MaxDD=2.31%
[05:30:31] 
📊 AVAX (36606 candles)
[05:30:31]    Training on 19847 samples...
[05:31:23]    ❌ Sharpe=0.17, WinRate=48.1%, Return=0.84%, MaxDD=2.82%
[05:31:23] 
📊 BTC (36606 candles)
[05:31:23]    Training on 14671 samples...
[05:31:58]    ⚠️ Sharpe=0.53, WinRate=50.2%, Return=1.67%, MaxDD=0.68%
[05:31:58] 
📊 DOGE (36606 candles)
[05:31:58]    Training on 18586 samples...
[05:32:39]    ❌ Sharpe=0.11, WinRate=55.5%, Return=0.55%, MaxDD=1.58%
[05:32:39] 
📊 DOT (36606 candles)
[05:32:39]    Training on 18909 samples...
[05:33:22]    ❌ Sharpe=-0.11, WinRate=51.7%, Return=-0.79%, MaxDD=2.35%
[05:33:22] 
📊 ETH (36606 candles)
[05:33:22]    Training on 16522 samples...
[05:33:58]    ❌ Sharpe=0.49, WinRate=51.1%, Return=2.29%, MaxDD=1.45%
[05:33:58] 
📊 LINK (36606 candles)
[05:33:58]    Training on 19688 samples...
[05:34:43]    ❌ Sharpe=0.06, WinRate=50.6%, Return=0.39%, MaxDD=2.41%
[05:34:43] 
📊 LTC (36606 candles)
[05:34:43]    Training on 17911 samples...
[05:35:23]    ❌ Sharpe=-0.38, WinRate=51.3%, Return=-2.28%, MaxDD=4.43%
[05:35:23] ⏭️ MATIC: Not enough data (0 candles)
[05:35:23] 
📊 SHIB (36606 candles)
[05:35:23]    Training on 18946 samples...
[05:36:06]    ⚠️ Sharpe=0.53, WinRate=53.9%, Return=2.60%, MaxDD=1.20%
[05:36:06] 
📊 SOL (36606 candles)
[05:36:06]    Training on 20061 samples...
[05:36:52]    ❌ Sharpe=0.23, WinRate=52.7%, Return=1.32%, MaxDD=1.94%
[05:36:52] 
📊 TRX (36606 candles)
[05:36:52]    Training on 14068 samples...
[05:37:22]    ❌ Sharpe=-0.01, WinRate=47.7%, Return=-0.04%, MaxDD=1.30%
[05:37:22] 
📊 UNI (36606 candles)
[05:37:22]    Training on 19700 samples...
[05:38:07]    ❌ Sharpe=0.25, WinRate=55.3%, Return=1.80%, MaxDD=2.28%
[05:38:07] 
📊 XRP (36606 candles)
[05:38:07]    Training on 17112 samples...
[05:38:44]    ❌ Sharpe=0.04, WinRate=54.1%, Return=0.20%, MaxDD=2.09%
[05:38:44] 
======================================================================
[05:38:44] ML RESULTS SUMMARY
[05:38:44] ======================================================================
[05:38:44] 
⚠️ PROMISING (Sharpe 0.5-1.5): 2
[05:38:44]    BTC: Sharpe=0.53, Return=1.67%, WinRate=50.2%
[05:38:44]    SHIB: Sharpe=0.53, Return=2.60%, WinRate=53.9%
[05:38:44] 
======================================================================
[05:38:44] Results saved to: /Users/jimmysmacstudio/clawd-main/trading-bot/data/ml-results/ml_results_1772775524854.json
[05:38:44] ======================================================================
