[05:00:44] ============================================================
[05:00:44] LUMEN ALPHA - Historical Data Downloader
[05:00:44] Period: 2022-01-01 to 2026-03-06
[05:00:44] Assets: 15
[05:00:44] Interval: 1 hour
[05:00:44] ============================================================
[05:00:44] Downloading BTC...
[05:00:55] ✅ BTC: 36606 candles saved
[05:00:55] Downloading ETH...
[05:01:05] ✅ ETH: 36606 candles saved
[05:01:06] Downloading SOL...
[05:01:16] ✅ SOL: 36606 candles saved
[05:01:16] Downloading XRP...
[05:01:26] ✅ XRP: 36606 candles saved
[05:01:26] Downloading DOGE...
[05:01:36] ✅ DOGE: 36606 candles saved
[05:01:37] Downloading ADA...
[05:01:47] ✅ ADA: 36606 candles saved
[05:01:47] Downloading AVAX...
[05:01:57] ✅ AVAX: 36606 candles saved
[05:01:57] Downloading DOT...
[05:02:07] ✅ DOT: 36606 candles saved
[05:02:08] Downloading MATIC...
[05:02:17] ✅ MATIC: 0 candles saved
[05:02:17] Downloading LINK...
[05:02:27] ✅ LINK: 36606 candles saved
[05:02:28] Downloading UNI...
[05:02:38] ✅ UNI: 36606 candles saved
[05:02:39] Downloading ATOM...
[05:02:56] ✅ ATOM: 36606 candles saved
[05:02:56] Downloading LTC...
[05:03:06] ✅ LTC: 36606 candles saved
[05:03:07] Downloading TRX...
[05:03:20] ✅ TRX: 36606 candles saved
[05:03:20] Downloading SHIB...
[05:03:30] ✅ SHIB: 36606 candles saved
[05:03:30] ============================================================
[05:03:30] COMPLETE: 512,484 total candles
[05:03:30] Data saved to: /Users/jimmysmacstudio/clawd-main/trading-bot/data/historical
[05:03:30] ============================================================
